{"name": "test_link_about", "status": "broken", "statusDetails": {"message": "selenium.common.exceptions.NoSuchWindowException: Message: no such window: target window already closed\nfrom unknown error: web view not found\n  (Session info: chrome=111.0.5563.65)\nStacktrace:\nBacktrace:\n\t(No symbol) [0x010D37D3]\n\t(No symbol) [0x01068B81]\n\t(No symbol) [0x00F6B36D]\n\t(No symbol) [0x00F4E5DA]\n\t(No symbol) [0x00FBF0CB]\n\t(No symbol) [0x00FD0A56]\n\t(No symbol) [0x00FBB216]\n\t(No symbol) [0x00F90D97]\n\t(No symbol) [0x00F9253D]\n\tGetHandleVerifier [0x0134ABF2+2510930]\n\tGetHandleVerifier [0x01378EC1+2700065]\n\tGetHandleVerifier [0x0137C86C+2714828]\n\tGetHandleVerifier [0x01183480+645344]\n\t(No symbol) [0x01070FD2]\n\t(No symbol) [0x01076C68]\n\t(No symbol) [0x01076D4B]\n\t(No symbol) [0x01080D6B]\n\tBaseThreadInitThunk [0x774000F9+25]\n\tRtlGetAppContainerNamedObjectPath [0x77D47BBE+286]\n\tRtlGetAppContainerNamedObjectPath [0x77D47B8E+238]", "trace": "set_up = None\n\n    @allure.description(\"Test link about\")\n    def test_link_about(set_up):\n        options = Options()\n        options.add_experimental_option('excludeSwitches', ['enable-logging'])\n        s = Service('C:\\\\Users\\\\Diana\\\\PycharmProjects\\\\resource\\\\chromedriver.exe')\n        driver = webdriver.Chrome(service=s, chrome_options=options)\n    \n        print(\"Start test\")\n    \n        login = Login_page(driver)\n        login.authorization()\n    \n        mp = Main_page(driver)\n>       mp.select_menu_about()\n\ntests\\test_link_about.py:32: \n_ _ _ _ _ _ _ _ _ _ _ _ _ _ _ _ _ _ _ _ _ _ _ _ _ _ _ _ _ _ _ _ _ _ _ _ _ _ _ _ _ _ _ _ _ _ _ _ _ _ _ _ _ _ _ _ _ _ _ _ _ _ _ _ _ _ _ _ _ _ _ _ _ _ _ _ _ _ _ _ _ _ _ _ _ _ _ _ _ _ _ \npages\\main_page.py:102: in select_menu_about\n    self.assert_url('https://saucelabs.com/')\nbase\\base_class.py:31: in assert_url\n    get_url = self.driver.current_url\n..\\..\\AppData\\Local\\Programs\\Python\\Python39\\lib\\site-packages\\selenium\\webdriver\\remote\\webdriver.py:538: in current_url\n    return self.execute(Command.GET_CURRENT_URL)[\"value\"]\n..\\..\\AppData\\Local\\Programs\\Python\\Python39\\lib\\site-packages\\selenium\\webdriver\\remote\\webdriver.py:444: in execute\n    self.error_handler.check_response(response)\n_ _ _ _ _ _ _ _ _ _ _ _ _ _ _ _ _ _ _ _ _ _ _ _ _ _ _ _ _ _ _ _ _ _ _ _ _ _ _ _ _ _ _ _ _ _ _ _ _ _ _ _ _ _ _ _ _ _ _ _ _ _ _ _ _ _ _ _ _ _ _ _ _ _ _ _ _ _ _ _ _ _ _ _ _ _ _ _ _ _ _ \n\nself = <selenium.webdriver.remote.errorhandler.ErrorHandler object at 0x000001A7B2EEBC70>\nresponse = {'status': 404, 'value': '{\"value\":{\"error\":\"no such window\",\"message\":\"no such window: target window already closed\\\\...\\n\\\\tRtlGetAppContainerNamedObjectPath [0x77D47BBE+286]\\\\n\\\\tRtlGetAppContainerNamedObjectPath [0x77D47B8E+238]\\\\n\"}}'}\n\n    def check_response(self, response: Dict[str, Any]) -> None:\n        \"\"\"\n        Checks that a JSON response from the WebDriver does not have an error.\n    \n        :Args:\n         - response - The JSON response from the WebDriver server as a dictionary\n           object.\n    \n        :Raises: If the response contains an error message.\n        \"\"\"\n        status = response.get(\"status\", None)\n        if not status or status == ErrorCode.SUCCESS:\n            return\n        value = None\n        message = response.get(\"message\", \"\")\n        screen: str = response.get(\"screen\", \"\")\n        stacktrace = None\n        if isinstance(status, int):\n            value_json = response.get(\"value\", None)\n            if value_json and isinstance(value_json, str):\n                import json\n    \n                try:\n                    value = json.loads(value_json)\n                    if len(value.keys()) == 1:\n                        value = value[\"value\"]\n                    status = value.get(\"error\", None)\n                    if not status:\n                        status = value.get(\"status\", ErrorCode.UNKNOWN_ERROR)\n                        message = value.get(\"value\") or value.get(\"message\")\n                        if not isinstance(message, str):\n                            value = message\n                            message = message.get(\"message\")\n                    else:\n                        message = value.get(\"message\", None)\n                except ValueError:\n                    pass\n    \n        exception_class: Type[WebDriverException]\n        if status in ErrorCode.NO_SUCH_ELEMENT:\n            exception_class = NoSuchElementException\n        elif status in ErrorCode.NO_SUCH_FRAME:\n            exception_class = NoSuchFrameException\n        elif status in ErrorCode.NO_SUCH_SHADOW_ROOT:\n            exception_class = NoSuchShadowRootException\n        elif status in ErrorCode.NO_SUCH_WINDOW:\n            exception_class = NoSuchWindowException\n        elif status in ErrorCode.STALE_ELEMENT_REFERENCE:\n            exception_class = StaleElementReferenceException\n        elif status in ErrorCode.ELEMENT_NOT_VISIBLE:\n            exception_class = ElementNotVisibleException\n        elif status in ErrorCode.INVALID_ELEMENT_STATE:\n            exception_class = InvalidElementStateException\n        elif (\n            status in ErrorCode.INVALID_SELECTOR\n            or status in ErrorCode.INVALID_XPATH_SELECTOR\n            or status in ErrorCode.INVALID_XPATH_SELECTOR_RETURN_TYPER\n        ):\n            exception_class = InvalidSelectorException\n        elif status in ErrorCode.ELEMENT_IS_NOT_SELECTABLE:\n            exception_class = ElementNotSelectableException\n        elif status in ErrorCode.ELEMENT_NOT_INTERACTABLE:\n            exception_class = ElementNotInteractableException\n        elif status in ErrorCode.INVALID_COOKIE_DOMAIN:\n            exception_class = InvalidCookieDomainException\n        elif status in ErrorCode.UNABLE_TO_SET_COOKIE:\n            exception_class = UnableToSetCookieException\n        elif status in ErrorCode.TIMEOUT:\n            exception_class = TimeoutException\n        elif status in ErrorCode.SCRIPT_TIMEOUT:\n            exception_class = TimeoutException\n        elif status in ErrorCode.UNKNOWN_ERROR:\n            exception_class = WebDriverException\n        elif status in ErrorCode.UNEXPECTED_ALERT_OPEN:\n            exception_class = UnexpectedAlertPresentException\n        elif status in ErrorCode.NO_ALERT_OPEN:\n            exception_class = NoAlertPresentException\n        elif status in ErrorCode.IME_NOT_AVAILABLE:\n            exception_class = ImeNotAvailableException\n        elif status in ErrorCode.IME_ENGINE_ACTIVATION_FAILED:\n            exception_class = ImeActivationFailedException\n        elif status in ErrorCode.MOVE_TARGET_OUT_OF_BOUNDS:\n            exception_class = MoveTargetOutOfBoundsException\n        elif status in ErrorCode.JAVASCRIPT_ERROR:\n            exception_class = JavascriptException\n        elif status in ErrorCode.SESSION_NOT_CREATED:\n            exception_class = SessionNotCreatedException\n        elif status in ErrorCode.INVALID_ARGUMENT:\n            exception_class = InvalidArgumentException\n        elif status in ErrorCode.NO_SUCH_COOKIE:\n            exception_class = NoSuchCookieException\n        elif status in ErrorCode.UNABLE_TO_CAPTURE_SCREEN:\n            exception_class = ScreenshotException\n        elif status in ErrorCode.ELEMENT_CLICK_INTERCEPTED:\n            exception_class = ElementClickInterceptedException\n        elif status in ErrorCode.INSECURE_CERTIFICATE:\n            exception_class = InsecureCertificateException\n        elif status in ErrorCode.INVALID_COORDINATES:\n            exception_class = InvalidCoordinatesException\n        elif status in ErrorCode.INVALID_SESSION_ID:\n            exception_class = InvalidSessionIdException\n        elif status in ErrorCode.UNKNOWN_METHOD:\n            exception_class = UnknownMethodException\n        else:\n            exception_class = WebDriverException\n        if not value:\n            value = response[\"value\"]\n        if isinstance(value, str):\n            raise exception_class(value)\n        if message == \"\" and \"message\" in value:\n            message = value[\"message\"]\n    \n        screen = None  # type: ignore[assignment]\n        if \"screen\" in value:\n            screen = value[\"screen\"]\n    \n        stacktrace = None\n        st_value = value.get(\"stackTrace\") or value.get(\"stacktrace\")\n        if st_value:\n            if isinstance(st_value, str):\n                stacktrace = st_value.split(\"\\n\")\n            else:\n                stacktrace = []\n                try:\n                    for frame in st_value:\n                        line = frame.get(\"lineNumber\", \"\")\n                        file = frame.get(\"fileName\", \"<anonymous>\")\n                        if line:\n                            file = f\"{file}:{line}\"\n                        meth = frame.get(\"methodName\", \"<anonymous>\")\n                        if \"className\" in frame:\n                            meth = \"{}.{}\".format(frame[\"className\"], meth)\n                        msg = \"    at %s (%s)\"\n                        msg = msg % (meth, file)\n                        stacktrace.append(msg)\n                except TypeError:\n                    pass\n        if exception_class == UnexpectedAlertPresentException:\n            alert_text = None\n            if \"data\" in value:\n                alert_text = value[\"data\"].get(\"text\")\n            elif \"alert\" in value:\n                alert_text = value[\"alert\"].get(\"text\")\n            raise exception_class(message, screen, stacktrace, alert_text)  # type: ignore[call-arg]  # mypy is not smart enough here\n>       raise exception_class(message, screen, stacktrace)\nE       selenium.common.exceptions.NoSuchWindowException: Message: no such window: target window already closed\nE       from unknown error: web view not found\nE         (Session info: chrome=111.0.5563.65)\nE       Stacktrace:\nE       Backtrace:\nE       \t(No symbol) [0x010D37D3]\nE       \t(No symbol) [0x01068B81]\nE       \t(No symbol) [0x00F6B36D]\nE       \t(No symbol) [0x00F4E5DA]\nE       \t(No symbol) [0x00FBF0CB]\nE       \t(No symbol) [0x00FD0A56]\nE       \t(No symbol) [0x00FBB216]\nE       \t(No symbol) [0x00F90D97]\nE       \t(No symbol) [0x00F9253D]\nE       \tGetHandleVerifier [0x0134ABF2+2510930]\nE       \tGetHandleVerifier [0x01378EC1+2700065]\nE       \tGetHandleVerifier [0x0137C86C+2714828]\nE       \tGetHandleVerifier [0x01183480+645344]\nE       \t(No symbol) [0x01070FD2]\nE       \t(No symbol) [0x01076C68]\nE       \t(No symbol) [0x01076D4B]\nE       \t(No symbol) [0x01080D6B]\nE       \tBaseThreadInitThunk [0x774000F9+25]\nE       \tRtlGetAppContainerNamedObjectPath [0x77D47BBE+286]\nE       \tRtlGetAppContainerNamedObjectPath [0x77D47B8E+238]\n\n..\\..\\AppData\\Local\\Programs\\Python\\Python39\\lib\\site-packages\\selenium\\webdriver\\remote\\errorhandler.py:249: NoSuchWindowException"}, "description": "Test link about", "steps": [{"name": "Authorization", "status": "passed", "start": 1679132432276, "stop": 1679132441133}, {"name": "Select menu about", "status": "broken", "statusDetails": {"message": "selenium.common.exceptions.NoSuchWindowException: Message: no such window: target window already closed\nfrom unknown error: web view not found\n  (Session info: chrome=111.0.5563.65)\nStacktrace:\nBacktrace:\n\t(No symbol) [0x010D37D3]\n\t(No symbol) [0x01068B81]\n\t(No symbol) [0x00F6B36D]\n\t(No symbol) [0x00F4E5DA]\n\t(No symbol) [0x00FBF0CB]\n\t(No symbol) [0x00FD0A56]\n\t(No symbol) [0x00FBB216]\n\t(No symbol) [0x00F90D97]\n\t(No symbol) [0x00F9253D]\n\tGetHandleVerifier [0x0134ABF2+2510930]\n\tGetHandleVerifier [0x01378EC1+2700065]\n\tGetHandleVerifier [0x0137C86C+2714828]\n\tGetHandleVerifier [0x01183480+645344]\n\t(No symbol) [0x01070FD2]\n\t(No symbol) [0x01076C68]\n\t(No symbol) [0x01076D4B]\n\t(No symbol) [0x01080D6B]\n\tBaseThreadInitThunk [0x774000F9+25]\n\tRtlGetAppContainerNamedObjectPath [0x77D47BBE+286]\n\tRtlGetAppContainerNamedObjectPath [0x77D47B8E+238]\n\n", "trace": "  File \"C:\\Users\\Diana\\PycharmProjects\\main_project\\pages\\main_page.py\", line 102, in select_menu_about\n    self.assert_url('https://saucelabs.com/')\n  File \"C:\\Users\\Diana\\PycharmProjects\\main_project\\base\\base_class.py\", line 31, in assert_url\n    get_url = self.driver.current_url\n  File \"C:\\Users\\Diana\\AppData\\Local\\Programs\\Python\\Python39\\lib\\site-packages\\selenium\\webdriver\\remote\\webdriver.py\", line 538, in current_url\n    return self.execute(Command.GET_CURRENT_URL)[\"value\"]\n  File \"C:\\Users\\Diana\\AppData\\Local\\Programs\\Python\\Python39\\lib\\site-packages\\selenium\\webdriver\\remote\\webdriver.py\", line 444, in execute\n    self.error_handler.check_response(response)\n  File \"C:\\Users\\Diana\\AppData\\Local\\Programs\\Python\\Python39\\lib\\site-packages\\selenium\\webdriver\\remote\\errorhandler.py\", line 249, in check_response\n    raise exception_class(message, screen, stacktrace)\n"}, "start": 1679132441133, "stop": 1679132446987}], "attachments": [{"name": "stdout", "source": "a3132a83-a67d-494c-b0c1-27d2c1fd765b-attachment.txt", "type": "text/plain"}], "start": 1679132428046, "stop": 1679132451315, "uuid": "e5e7b5d9-806c-46ec-a8e1-f843a0e0cc42", "historyId": "bc57c8894cc1e93e1ae101505b0fe859", "testCaseId": "fb5639f99d25c310cdfce1629e87bc88", "fullName": "tests.test_link_about#test_link_about", "labels": [{"name": "parentSuite", "value": "tests"}, {"name": "suite", "value": "test_link_about"}, {"name": "host", "value": "DESKTOP-P6USBVD"}, {"name": "thread", "value": "4080-MainThread"}, {"name": "framework", "value": "pytest"}, {"name": "language", "value": "cpython3"}, {"name": "package", "value": "tests.test_link_about"}]}