{"name": "test_buy_product_1", "status": "broken", "statusDetails": {"message": "selenium.common.exceptions.TimeoutException: Message: \nStacktrace:\nBacktrace:\n\t(No symbol) [0x010D37D3]\n\t(No symbol) [0x01068B81]\n\t(No symbol) [0x00F6B36D]\n\t(No symbol) [0x00F9D382]\n\t(No symbol) [0x00F9D4BB]\n\t(No symbol) [0x00FD3302]\n\t(No symbol) [0x00FBB464]\n\t(No symbol) [0x00FD1215]\n\t(No symbol) [0x00FBB216]\n\t(No symbol) [0x00F90D97]\n\t(No symbol) [0x00F9253D]\n\tGetHandleVerifier [0x0134ABF2+2510930]\n\tGetHandleVerifier [0x01378EC1+2700065]\n\tGetHandleVerifier [0x0137C86C+2714828]\n\tGetHandleVerifier [0x01183480+645344]\n\t(No symbol) [0x01070FD2]\n\t(No symbol) [0x01076C68]\n\t(No symbol) [0x01076D4B]\n\t(No symbol) [0x01080D6B]\n\tBaseThreadInitThunk [0x774000F9+25]\n\tRtlGetAppContainerNamedObjectPath [0x77D47BBE+286]\n\tRtlGetAppContainerNamedObjectPath [0x77D47B8E+238]", "trace": "set_up = None, set_group = None\n\n    @allure.description(\"Test buy product 1\")\n    def test_buy_product_1(set_up, set_group):\n        options = Options()\n        options.add_experimental_option('excludeSwitches', ['enable-logging'])\n        s = Service('C:\\\\Users\\\\Diana\\\\PycharmProjects\\\\resource\\\\chromedriver.exe')\n        # driver = webdriver.Chrome(service=s, chrome_options=options)\n        driver = webdriver.Chrome(service=s, options=options)\n    \n        print(\"Start test 1\")\n    \n        login = Login_page(driver)\n        login.authorization()\n    \n        mp = Main_page(driver)\n>       mp.select_products_1()\n\ntests\\test_buy_product.py:35: \n_ _ _ _ _ _ _ _ _ _ _ _ _ _ _ _ _ _ _ _ _ _ _ _ _ _ _ _ _ _ _ _ _ _ _ _ _ _ _ _ _ _ _ _ _ _ _ _ _ _ _ _ _ _ _ _ _ _ _ _ _ _ _ _ _ _ _ _ _ _ _ _ _ _ _ _ _ _ _ _ _ _ _ _ _ _ _ _ _ _ _ \npages\\main_page.py:81: in select_products_1\n    self.click_select_product_1()\npages\\main_page.py:50: in click_select_product_1\n    self.get_select_product_1().click()\npages\\main_page.py:29: in get_select_product_1\n    return WebDriverWait(self.driver, 30).until(EC.element_to_be_clickable((By.XPATH, self.select_product_1)))\n_ _ _ _ _ _ _ _ _ _ _ _ _ _ _ _ _ _ _ _ _ _ _ _ _ _ _ _ _ _ _ _ _ _ _ _ _ _ _ _ _ _ _ _ _ _ _ _ _ _ _ _ _ _ _ _ _ _ _ _ _ _ _ _ _ _ _ _ _ _ _ _ _ _ _ _ _ _ _ _ _ _ _ _ _ _ _ _ _ _ _ \n\nself = <selenium.webdriver.support.wait.WebDriverWait (session=\"a350bcc9200a6c2956ba0b574714a63c\")>\nmethod = <function element_to_be_clickable.<locals>._predicate at 0x000001EA6DF1E3A0>, message = ''\n\n    def until(self, method, message: str = \"\"):\n        \"\"\"Calls the method provided with the driver as an argument until the \\\n        return value does not evaluate to ``False``.\n    \n        :param method: callable(WebDriver)\n        :param message: optional message for :exc:`TimeoutException`\n        :returns: the result of the last call to `method`\n        :raises: :exc:`selenium.common.exceptions.TimeoutException` if timeout occurs\n        \"\"\"\n        screen = None\n        stacktrace = None\n    \n        end_time = time.monotonic() + self._timeout\n        while True:\n            try:\n                value = method(self._driver)\n                if value:\n                    return value\n            except self._ignored_exceptions as exc:\n                screen = getattr(exc, \"screen\", None)\n                stacktrace = getattr(exc, \"stacktrace\", None)\n            time.sleep(self._poll)\n            if time.monotonic() > end_time:\n                break\n>       raise TimeoutException(message, screen, stacktrace)\nE       selenium.common.exceptions.TimeoutException: Message: \nE       Stacktrace:\nE       Backtrace:\nE       \t(No symbol) [0x010D37D3]\nE       \t(No symbol) [0x01068B81]\nE       \t(No symbol) [0x00F6B36D]\nE       \t(No symbol) [0x00F9D382]\nE       \t(No symbol) [0x00F9D4BB]\nE       \t(No symbol) [0x00FD3302]\nE       \t(No symbol) [0x00FBB464]\nE       \t(No symbol) [0x00FD1215]\nE       \t(No symbol) [0x00FBB216]\nE       \t(No symbol) [0x00F90D97]\nE       \t(No symbol) [0x00F9253D]\nE       \tGetHandleVerifier [0x0134ABF2+2510930]\nE       \tGetHandleVerifier [0x01378EC1+2700065]\nE       \tGetHandleVerifier [0x0137C86C+2714828]\nE       \tGetHandleVerifier [0x01183480+645344]\nE       \t(No symbol) [0x01070FD2]\nE       \t(No symbol) [0x01076C68]\nE       \t(No symbol) [0x01076D4B]\nE       \t(No symbol) [0x01080D6B]\nE       \tBaseThreadInitThunk [0x774000F9+25]\nE       \tRtlGetAppContainerNamedObjectPath [0x77D47BBE+286]\nE       \tRtlGetAppContainerNamedObjectPath [0x77D47B8E+238]\n\n..\\..\\AppData\\Local\\Programs\\Python\\Python39\\lib\\site-packages\\selenium\\webdriver\\support\\wait.py:95: TimeoutException"}, "description": "Test buy product 1", "steps": [{"name": "Authorization", "status": "passed", "start": 1679131145037, "stop": 1679131148636}, {"name": "Select products 1", "status": "broken", "statusDetails": {"message": "selenium.common.exceptions.TimeoutException: Message: \nStacktrace:\nBacktrace:\n\t(No symbol) [0x010D37D3]\n\t(No symbol) [0x01068B81]\n\t(No symbol) [0x00F6B36D]\n\t(No symbol) [0x00F9D382]\n\t(No symbol) [0x00F9D4BB]\n\t(No symbol) [0x00FD3302]\n\t(No symbol) [0x00FBB464]\n\t(No symbol) [0x00FD1215]\n\t(No symbol) [0x00FBB216]\n\t(No symbol) [0x00F90D97]\n\t(No symbol) [0x00F9253D]\n\tGetHandleVerifier [0x0134ABF2+2510930]\n\tGetHandleVerifier [0x01378EC1+2700065]\n\tGetHandleVerifier [0x0137C86C+2714828]\n\tGetHandleVerifier [0x01183480+645344]\n\t(No symbol) [0x01070FD2]\n\t(No symbol) [0x01076C68]\n\t(No symbol) [0x01076D4B]\n\t(No symbol) [0x01080D6B]\n\tBaseThreadInitThunk [0x774000F9+25]\n\tRtlGetAppContainerNamedObjectPath [0x77D47BBE+286]\n\tRtlGetAppContainerNamedObjectPath [0x77D47B8E+238]\n\n", "trace": "  File \"C:\\Users\\Diana\\PycharmProjects\\main_project\\pages\\main_page.py\", line 81, in select_products_1\n    self.click_select_product_1()\n  File \"C:\\Users\\Diana\\PycharmProjects\\main_project\\pages\\main_page.py\", line 50, in click_select_product_1\n    self.get_select_product_1().click()\n  File \"C:\\Users\\Diana\\PycharmProjects\\main_project\\pages\\main_page.py\", line 29, in get_select_product_1\n    return WebDriverWait(self.driver, 30).until(EC.element_to_be_clickable((By.XPATH, self.select_product_1)))\n  File \"C:\\Users\\Diana\\AppData\\Local\\Programs\\Python\\Python39\\lib\\site-packages\\selenium\\webdriver\\support\\wait.py\", line 95, in until\n    raise TimeoutException(message, screen, stacktrace)\n"}, "start": 1679131148636, "stop": 1679131178964}], "attachments": [{"name": "stdout", "source": "6d9e4631-dc24-42ef-a553-9d56445ab769-attachment.txt", "type": "text/plain"}], "start": 1679131142977, "stop": 1679131178993, "uuid": "f7902a51-d1b9-4952-8657-9eee801fb393", "historyId": "44f233615fa50dec9d4c992ee69b75be", "testCaseId": "921e569ef0e667b7ca50b3357f391e4e", "fullName": "tests.test_buy_product#test_buy_product_1", "labels": [{"name": "parentSuite", "value": "tests"}, {"name": "suite", "value": "test_buy_product"}, {"name": "host", "value": "DESKTOP-P6USBVD"}, {"name": "thread", "value": "6604-MainThread"}, {"name": "framework", "value": "pytest"}, {"name": "language", "value": "cpython3"}, {"name": "package", "value": "tests.test_buy_product"}]}